#-----------------------------------------------------------
# Vivado v2018.2 (64-bit)
# SW Build 2258646 on Thu Jun 14 20:03:12 MDT 2018
# IP Build 2256618 on Thu Jun 14 22:10:49 MDT 2018
# Start of session at: Fri Jun  6 21:02:00 2025
# Process ID: 17292
# Current directory: E:/Github/NanoProcessor_Project/NanoProcessor_Minimal
# Command line: vivado.exe -gui_launcher_event rodinguilauncherevent15468 E:\Github\NanoProcessor_Project\NanoProcessor_Minimal\Lab 9-10.xpr
# Log file: E:/Github/NanoProcessor_Project/NanoProcessor_Minimal/vivado.log
# Journal file: E:/Github/NanoProcessor_Project/NanoProcessor_Minimal\vivado.jou
#-----------------------------------------------------------
start_gui
open_project {E:/Github/NanoProcessor_Project/NanoProcessor_Minimal/Lab 9-10.xpr}
INFO: [Project 1-313] Project file moved from 'E:/CODD/NanoProcessor' since last save.
Scanning sources...
Finished scanning sources
INFO: [IP_Flow 19-234] Refreshing IP repositories
INFO: [IP_Flow 19-1704] No user IP repositories specified
INFO: [IP_Flow 19-2313] Loaded Vivado IP repository 'E:/Vivado/2018.2/data/ip'.
open_project: Time (s): cpu = 00:00:07 ; elapsed = 00:00:07 . Memory (MB): peak = 876.020 ; gain = 129.984
update_compile_order -fileset sources_1
reset_run impl_1 -prev_step 
launch_runs impl_1 -to_step write_bitstream -jobs 6
[Fri Jun  6 21:03:14 2025] Launched impl_1...
Run output will be captured here: E:/Github/NanoProcessor_Project/NanoProcessor_Minimal/Lab 9-10.runs/impl_1/runme.log
open_run impl_1
INFO: [Netlist 29-17] Analyzing 10 Unisim elements for replacement
INFO: [Netlist 29-28] Unisim Transformation completed in 0 CPU seconds
INFO: [Project 1-479] Netlist was created with Vivado 2018.2
INFO: [Device 21-403] Loading part xc7a35tcpg236-1
INFO: [Project 1-570] Preparing netlist for logic optimization
INFO: [Timing 38-478] Restoring timing data from binary archive.
INFO: [Timing 38-479] Binary timing data restore complete.
INFO: [Project 1-856] Restoring constraints from binary archive.
INFO: [Project 1-853] Binary constraint restore complete.
Reading XDEF placement.
Reading placer database...
Reading XDEF routing.
Read XDEF File: Time (s): cpu = 00:00:00 ; elapsed = 00:00:00.026 . Memory (MB): peak = 1720.168 ; gain = 0.000
Restored from archive | CPU: 0.000000 secs | Memory: 0.000000 MB |
Finished XDEF File Restore: Time (s): cpu = 00:00:00 ; elapsed = 00:00:00.026 . Memory (MB): peak = 1720.168 ; gain = 0.000
INFO: [Project 1-111] Unisim Transformation Summary:
No Unisim elements were transformed.

open_run: Time (s): cpu = 00:00:16 ; elapsed = 00:00:17 . Memory (MB): peak = 1796.785 ; gain = 891.340
exit
INFO: [Common 17-206] Exiting Vivado at Fri Jun  6 21:04:34 2025...
