Vivado Simulator 2018.2
Copyright 1986-1999, 2001-2018 Xilinx, Inc. All Rights Reserved.
Running: E:/Vivado/2018.2/bin/unwrapped/win64.o/xelab.exe -wto 95d965acf525429e80320c0a5b60f42a --incr --debug typical --relax --mt 2 -L xil_defaultlib -L secureip --snapshot TB_Nano_Processor_behav xil_defaultlib.TB_Nano_Processor -log elaborate.log 
Using 2 slave threads.
Starting static elaboration
Completed static elaboration
Starting simulation data flow analysis
Completed simulation data flow analysis
Time Resolution for simulation is 1ps
Compiling package std.standard
Compiling package std.textio
Compiling package ieee.std_logic_1164
Compiling package ieee.numeric_std
Compiling architecture behavioral of entity xil_defaultlib.Slow_Clk [slow_clk_default]
Compiling architecture behavioral of entity xil_defaultlib.D_FF [d_ff_default]
Compiling architecture behavioral of entity xil_defaultlib.Program_Counter [program_counter_default]
Compiling architecture behavioral of entity xil_defaultlib.ROM [rom_default]
Compiling architecture behavioral of entity xil_defaultlib.Tri_State_Buffer [tri_state_buffer_default]
Compiling architecture behavioral of entity xil_defaultlib.Mux_2_3 [mux_2_3_default]
Compiling architecture behavioral of entity xil_defaultlib.Instruction_Decoder [instruction_decoder_default]
Compiling architecture behavioral of entity xil_defaultlib.Decoder_2_4 [decoder_2_4_default]
Compiling architecture behavioral of entity xil_defaultlib.Decoder_3_8 [decoder_3_8_default]
Compiling architecture behavioral of entity xil_defaultlib.Register_4 [register_4_default]
Compiling architecture behavioral of entity xil_defaultlib.Register_Bank [register_bank_default]
Compiling architecture behavioral of entity xil_defaultlib.Tri_State_Buffer_4 [tri_state_buffer_4_default]
Compiling architecture behavioral of entity xil_defaultlib.Mux_2_4 [mux_2_4_default]
Compiling architecture behavioral of entity xil_defaultlib.Mux_8_4 [mux_8_4_default]
Compiling architecture behavioral of entity xil_defaultlib.HA [ha_default]
Compiling architecture behavioral of entity xil_defaultlib.FA [fa_default]
Compiling architecture behavioral of entity xil_defaultlib.Add_Sub_4 [add_sub_4_default]
Compiling architecture behavioral of entity xil_defaultlib.Multiplier_4 [multiplier_4_default]
Compiling architecture behavioral of entity xil_defaultlib.Mux_4_4 [mux_4_4_default]
Compiling architecture behavioral of entity xil_defaultlib.Comp_1 [comp_1_default]
Compiling architecture behavioral of entity xil_defaultlib.Comp_4 [comp_4_default]
Compiling architecture behavioral of entity xil_defaultlib.ALU [alu_default]
Compiling architecture behavioral of entity xil_defaultlib.Adder_3 [adder_3_default]
Compiling architecture behavioral of entity xil_defaultlib.LUT [lut_default]
Compiling architecture behavioral of entity xil_defaultlib.Nano_Processor [nano_processor_default]
Compiling architecture behavioral of entity xil_defaultlib.tb_nano_processor
Built simulation snapshot TB_Nano_Processor_behav
