#-----------------------------------------------------------
# Vivado v2018.2 (64-bit)
# SW Build 2258646 on Thu Jun 14 20:03:12 MDT 2018
# IP Build 2256618 on Thu Jun 14 22:10:49 MDT 2018
# Start of session at: Fri Jun  6 21:23:36 2025
# Process ID: 21736
# Current directory: E:/Github/NanoProcessor_Project/NanoProcessor_Extended/NanoProcessor
# Command line: vivado.exe -gui_launcher_event rodinguilauncherevent20172 E:\Github\NanoProcessor_Project\NanoProcessor_Extended\NanoProcessor\Lab 9-10.xpr
# Log file: E:/Github/NanoProcessor_Project/NanoProcessor_Extended/NanoProcessor/vivado.log
# Journal file: E:/Github/NanoProcessor_Project/NanoProcessor_Extended/NanoProcessor\vivado.jou
#-----------------------------------------------------------
start_gui
open_project {E:/Github/NanoProcessor_Project/NanoProcessor_Extended/NanoProcessor/Lab 9-10.xpr}
INFO: [Project 1-313] Project file moved from 'C:/Users/DOWNLOAD/Downloads/NanoProcessor_Extended/NanoProcessor' since last save.
Scanning sources...
Finished scanning sources
INFO: [IP_Flow 19-234] Refreshing IP repositories
INFO: [IP_Flow 19-1704] No user IP repositories specified
INFO: [IP_Flow 19-2313] Loaded Vivado IP repository 'E:/Vivado/2018.2/data/ip'.
exit
INFO: [Common 17-206] Exiting Vivado at Fri Jun  6 21:23:53 2025...
